<?xml version="1.0" encoding="UTF-8"?>
<testsuite name="com.iconloop.score.example.SampleTokenTest" tests="6" skipped="0" failures="0" errors="0" timestamp="2023-02-13T02:06:48" hostname="Hongs-MBP.attlocal.net" time="0.083">
  <properties/>
  <testcase name="symbol()" classname="com.iconloop.score.example.SampleTokenTest" time="0.044"/>
  <testcase name="totalSupply()" classname="com.iconloop.score.example.SampleTokenTest" time="0.002"/>
  <testcase name="name()" classname="com.iconloop.score.example.SampleTokenTest" time="0.001"/>
  <testcase name="balanceOf()" classname="com.iconloop.score.example.SampleTokenTest" time="0.007"/>
  <testcase name="decimals()" classname="com.iconloop.score.example.SampleTokenTest" time="0.003"/>
  <testcase name="transfer()" classname="com.iconloop.score.example.SampleTokenTest" time="0.008"/>
  <system-out><![CDATA[]]></system-out>
  <system-err><![CDATA[]]></system-err>
</testsuite>
