<?xml version="1.0" encoding="UTF-8"?>
<testsuite name="com.iconloop.score.example.IRC2BurnableTest" tests="1" skipped="0" failures="0" errors="0" timestamp="2023-02-13T02:06:29" hostname="Hongs-MBP.attlocal.net" time="0.106">
  <properties/>
  <testcase name="burn()" classname="com.iconloop.score.example.IRC2BurnableTest" time="0.106"/>
  <system-out><![CDATA[]]></system-out>
  <system-err><![CDATA[]]></system-err>
</testsuite>
