<?xml version="1.0" encoding="UTF-8"?>
<testsuite name="com.iconloop.score.example.IRC2BasicTest" tests="6" skipped="0" failures="0" errors="0" timestamp="2023-02-13T02:06:29" hostname="Hongs-MBP.attlocal.net" time="0.091">
  <properties/>
  <testcase name="symbol()" classname="com.iconloop.score.example.IRC2BasicTest" time="0.034"/>
  <testcase name="totalSupply()" classname="com.iconloop.score.example.IRC2BasicTest" time="0.002"/>
  <testcase name="name()" classname="com.iconloop.score.example.IRC2BasicTest" time="0.003"/>
  <testcase name="balanceOf()" classname="com.iconloop.score.example.IRC2BasicTest" time="0.004"/>
  <testcase name="decimals()" classname="com.iconloop.score.example.IRC2BasicTest" time="0.003"/>
  <testcase name="transfer()" classname="com.iconloop.score.example.IRC2BasicTest" time="0.011"/>
  <system-out><![CDATA[]]></system-out>
  <system-err><![CDATA[]]></system-err>
</testsuite>
