<?xml version="1.0" encoding="UTF-8"?>
<testsuite name="com.iconloop.score.example.IRC31MultiTokenTest" tests="1" skipped="0" failures="0" errors="0" timestamp="2023-02-13T02:06:34" hostname="Hongs-MBP.attlocal.net" time="0.075">
  <properties/>
  <testcase name="name()" classname="com.iconloop.score.example.IRC31MultiTokenTest" time="0.075"/>
  <system-out><![CDATA[]]></system-out>
  <system-err><![CDATA[]]></system-err>
</testsuite>
